  renderArea.cpp
c:\program files (x86)\windows kits\10\include\10.0.17763.0\ucrt\corecrt_math_defines.h(17): warning C4005: 'M_E': macro redefinition
  d:\qt\5.12.3\msvc2017_64\include\qtcore\qmath.h(155): note: see previous definition of 'M_E'
c:\program files (x86)\windows kits\10\include\10.0.17763.0\ucrt\corecrt_math_defines.h(18): warning C4005: 'M_LOG2E': macro redefinition
  d:\qt\5.12.3\msvc2017_64\include\qtcore\qmath.h(159): note: see previous definition of 'M_LOG2E'
c:\program files (x86)\windows kits\10\include\10.0.17763.0\ucrt\corecrt_math_defines.h(19): warning C4005: 'M_LOG10E': macro redefinition
  d:\qt\5.12.3\msvc2017_64\include\qtcore\qmath.h(163): note: see previous definition of 'M_LOG10E'
c:\program files (x86)\windows kits\10\include\10.0.17763.0\ucrt\corecrt_math_defines.h(20): warning C4005: 'M_LN2': macro redefinition
  d:\qt\5.12.3\msvc2017_64\include\qtcore\qmath.h(167): note: see previous definition of 'M_LN2'
c:\program files (x86)\windows kits\10\include\10.0.17763.0\ucrt\corecrt_math_defines.h(21): warning C4005: 'M_LN10': macro redefinition
  d:\qt\5.12.3\msvc2017_64\include\qtcore\qmath.h(171): note: see previous definition of 'M_LN10'
c:\program files (x86)\windows kits\10\include\10.0.17763.0\ucrt\corecrt_math_defines.h(22): warning C4005: 'M_PI': macro redefinition
  d:\qt\5.12.3\msvc2017_64\include\qtcore\qmath.h(175): note: see previous definition of 'M_PI'
c:\program files (x86)\windows kits\10\include\10.0.17763.0\ucrt\corecrt_math_defines.h(23): warning C4005: 'M_PI_2': macro redefinition
  d:\qt\5.12.3\msvc2017_64\include\qtcore\qmath.h(179): note: see previous definition of 'M_PI_2'
c:\program files (x86)\windows kits\10\include\10.0.17763.0\ucrt\corecrt_math_defines.h(24): warning C4005: 'M_PI_4': macro redefinition
  d:\qt\5.12.3\msvc2017_64\include\qtcore\qmath.h(183): note: see previous definition of 'M_PI_4'
c:\program files (x86)\windows kits\10\include\10.0.17763.0\ucrt\corecrt_math_defines.h(25): warning C4005: 'M_1_PI': macro redefinition
  d:\qt\5.12.3\msvc2017_64\include\qtcore\qmath.h(187): note: see previous definition of 'M_1_PI'
c:\program files (x86)\windows kits\10\include\10.0.17763.0\ucrt\corecrt_math_defines.h(26): warning C4005: 'M_2_PI': macro redefinition
  d:\qt\5.12.3\msvc2017_64\include\qtcore\qmath.h(191): note: see previous definition of 'M_2_PI'
c:\program files (x86)\windows kits\10\include\10.0.17763.0\ucrt\corecrt_math_defines.h(27): warning C4005: 'M_2_SQRTPI': macro redefinition
  d:\qt\5.12.3\msvc2017_64\include\qtcore\qmath.h(195): note: see previous definition of 'M_2_SQRTPI'
c:\program files (x86)\windows kits\10\include\10.0.17763.0\ucrt\corecrt_math_defines.h(28): warning C4005: 'M_SQRT2': macro redefinition
  d:\qt\5.12.3\msvc2017_64\include\qtcore\qmath.h(199): note: see previous definition of 'M_SQRT2'
c:\program files (x86)\windows kits\10\include\10.0.17763.0\ucrt\corecrt_math_defines.h(29): warning C4005: 'M_SQRT1_2': macro redefinition
  d:\qt\5.12.3\msvc2017_64\include\qtcore\qmath.h(203): note: see previous definition of 'M_SQRT1_2'
  QT-DCEL-DEMO.vcxproj -> C:\Users\Andrew\source\repos\QT-DCEL-DEMO\x64\Debug\QT-DCEL-DEMO.exe
